<?xml version="1.0" encoding="UTF-8"?>
<!-- Generated by org.testng.reporters.JUnitXMLReporter -->
<testsuite hostname="LAPTOP-MCMMF3G2" ignored="0" name="Working on sample testNG file" tests="4" failures="0" timestamp="2019-12-30T15:06:41 IST" time="0.021" errors="0">
  <testcase name="testfour" time="0.0" classname="testNG.TestNGbasic"/>
  <testcase name="testThree" time="0.0" classname="testNG.TestNGbasic"/>
  <testcase name="testTwo" time="0.0" classname="testNG.TestNGbasic"/>
  <testcase name="testone" time="0.0" classname="testNG.TestNGbasic"/>
</testsuite> <!-- Working on sample testNG file -->
